proguard/seeds.txt
com.youchip.youmobile.R$attr: int quantity
com.youchip.youmobile.R$attr: int quantity_bg_color
com.youchip.youmobile.R$attr: int quantity_bg_scale
com.youchip.youmobile.R$attr: int quantity_font_color
com.youchip.youmobile.R$attr: int quantity_font_scale
com.youchip.youmobile.R$color: int denied_background
com.youchip.youmobile.R$color: int idle_background
com.youchip.youmobile.R$color: int permitted_background
com.youchip.youmobile.R$color: int processing_background
com.youchip.youmobile.R$color: int shop_cancel_purchase
com.youchip.youmobile.R$color: int shop_info_background
com.youchip.youmobile.R$color: int shop_item_cancelation
com.youchip.youmobile.R$color: int shop_item_cancelation_endcolor
com.youchip.youmobile.R$color: int shop_item_disabled
com.youchip.youmobile.R$color: int shop_item_disabled_endcolor
com.youchip.youmobile.R$color: int shop_item_font_disabled
com.youchip.youmobile.R$color: int shop_item_font_enabled
com.youchip.youmobile.R$color: int shop_item_font_light
com.youchip.youmobile.R$color: int shop_item_load_credit
com.youchip.youmobile.R$color: int shop_item_load_credit_endcolor
com.youchip.youmobile.R$color: int shop_item_quantity_background
com.youchip.youmobile.R$color: int shop_item_standard
com.youchip.youmobile.R$color: int shop_item_standard_endcolor
com.youchip.youmobile.R$color: int shop_item_unload_credit
com.youchip.youmobile.R$color: int shop_item_unload_credit_endcolor
com.youchip.youmobile.R$color: int shop_submit_purchase
com.youchip.youmobile.R$dimen: int activity_horizontal_margin
com.youchip.youmobile.R$dimen: int activity_vertical_margin
com.youchip.youmobile.R$dimen: int dialog_fragment_font_size_big
com.youchip.youmobile.R$dimen: int dialog_fragment_font_size_medium
com.youchip.youmobile.R$dimen: int dialog_fragment_font_size_small
com.youchip.youmobile.R$dimen: int dialog_fragment_margin
com.youchip.youmobile.R$drawable: int grid_selector_cancelation
com.youchip.youmobile.R$drawable: int grid_selector_disabled
com.youchip.youmobile.R$drawable: int grid_selector_load
com.youchip.youmobile.R$drawable: int grid_selector_standard
com.youchip.youmobile.R$drawable: int grid_selector_unload
com.youchip.youmobile.R$drawable: int ic_action_refresh
com.youchip.youmobile.R$drawable: int ic_action_remoe_active
com.youchip.youmobile.R$drawable: int ic_action_remove
com.youchip.youmobile.R$drawable: int ic_action_remove_active
com.youchip.youmobile.R$drawable: int ic_action_secure
com.youchip.youmobile.R$drawable: int ic_action_storage
com.youchip.youmobile.R$drawable: int ic_launcher
com.youchip.youmobile.R$drawable: int list_selector
com.youchip.youmobile.R$drawable: int list_selector_focused
com.youchip.youmobile.R$drawable: int list_selector_pressed
...
android.support.v13.app.FragmentTabHost: void setOnTabChangedListener(android.widget.TabHost$OnTabChangeListener)
android.support.v13.app.FragmentTabHost$SavedState
android.support.v13.app.FragmentTabHost$SavedState: android.os.Parcelable$Creator CREATOR
android.support.v4.app.BackStackState
android.support.v4.app.BackStackState: android.os.Parcelable$Creator CREATOR
android.support.v4.app.Fragment$SavedState
android.support.v4.app.Fragment$SavedState: android.os.Parcelable$Creator CREATOR
android.support.v4.app.FragmentManagerState
android.support.v4.app.FragmentManagerState: android.os.Parcelable$Creator CREATOR
android.support.v4.app.FragmentState
android.support.v4.app.FragmentState: android.os.Parcelable$Creator CREATOR
android.support.v4.app.FragmentTabHost: void setOnTabChangedListener(android.widget.TabHost$OnTabChangeListener)
android.support.v4.app.FragmentTabHost$SavedState
android.support.v4.app.FragmentTabHost$SavedState: android.os.Parcelable$Creator CREATOR
android.support.v4.content.ModernAsyncTask$Status: android.support.v4.content.ModernAsyncTask$Status[] values()
android.support.v4.content.ModernAsyncTask$Status: android.support.v4.content.ModernAsyncTask$Status valueOf(java.lang.String)
android.support.v4.view.PagerTabStrip: void setTabIndicatorColor(int)
android.support.v4.view.PagerTabStrip: void setTabIndicatorColorResource(int)
android.support.v4.view.PagerTabStrip: int getTabIndicatorColor()
android.support.v4.view.PagerTabStrip: void setTextSpacing(int)
android.support.v4.view.PagerTabStrip: void setBackgroundDrawable(android.graphics.drawable.Drawable)
android.support.v4.view.PagerTabStrip: void setBackgroundColor(int)
android.support.v4.view.PagerTabStrip: void setBackgroundResource(int)
android.support.v4.view.PagerTabStrip: void setDrawFullUnderline(boolean)
android.support.v4.view.PagerTabStrip: boolean getDrawFullUnderline()
android.support.v4.view.PagerTabStrip: int getMinHeight()
android.support.v4.view.PagerTitleStrip: void setSingleLineAllCaps(android.widget.TextView)
android.support.v4.view.PagerTitleStrip: void setTextSpacing(int)
android.support.v4.view.PagerTitleStrip: int getTextSpacing()
android.support.v4.view.PagerTitleStrip: void setNonPrimaryAlpha(float)
android.support.v4.view.PagerTitleStrip: void setTextColor(int)
android.support.v4.view.PagerTitleStrip: void setGravity(int)
android.support.v4.view.PagerTitleStrip: int getMinHeight()
android.support.v4.view.ViewPager: void setScrollState(int)
android.support.v4.view.ViewPager: void setAdapter(android.support.v4.view.PagerAdapter)
android.support.v4.view.ViewPager: android.support.v4.view.PagerAdapter getAdapter()
android.support.v4.view.ViewPager: void setOnAdapterChangeListener(android.support.v4.view.ViewPager$OnAdapterChangeListener)
android.support.v4.view.ViewPager: int getClientWidth()
android.support.v4.view.ViewPager: void setCurrentItem(int)
android.support.v4.view.ViewPager: int getCurrentItem()
android.support.v4.view.ViewPager: void setOnPageChangeListener(android.support.v4.view.ViewPager$OnPageChangeListener)
android.support.v4.view.ViewPager: void setChildrenDrawingOrderEnabledCompat(boolean)
android.support.v4.view.ViewPager: int getOffscreenPageLimit()
android.support.v4.view.ViewPager: void setOffscreenPageLimit(int)
android.support.v4.view.ViewPager: void setPageMargin(int)
android.support.v4.view.ViewPager: int getPageMargin()
android.support.v4.view.ViewPager: void setPageMarginDrawable(android.graphics.drawable.Drawable)
android.support.v4.view.ViewPager: void setPageMarginDrawable(int)
android.support.v4.view.ViewPager: void setScrollingCacheEnabled(boolean)
android.support.v4.view.ViewPager$SavedState
android.support.v4.view.ViewPager$SavedState: android.os.Parcelable$Creator CREATOR