proguard/mapping.txt
com.youchip.youmobile.R -> com.youchip.youmobile.a:
com.youchip.youmobile.R$styleable -> com.youchip.youmobile.b:
    int[] ShopItemTextView -> ShopItemTextView
    int ShopItemTextView_quantity -> ShopItemTextView_quantity
    int ShopItemTextView_quantity_bg_color -> ShopItemTextView_quantity_bg_color
    int ShopItemTextView_quantity_bg_scale -> ShopItemTextView_quantity_bg_scale
    int ShopItemTextView_quantity_font_color -> ShopItemTextView_quantity_font_color
    int ShopItemTextView_quantity_font_scale -> ShopItemTextView_quantity_font_scale
com.youchip.youmobile.controller.AbstractAppControlActivity -> com.youchip.youmobile.controller.a:
    boolean appOk -> a
    boolean checkAppState() -> a
    java.lang.String getAppStateMessage() -> b
    void showDisableMessage() -> c
    void disableApp() -> d
com.youchip.youmobile.controller.MainActivity -> com.youchip.youmobile.controller.MainActivity:
    java.util.Set STATUS_BLOCKS -> k
    java.util.Set CRC_BLOCKS -> l
    com.youchip.youmobile.controller.txlog.TxLogger txLogger -> m
    java.util.List blackList -> n
    com.youchip.youmobile.controller.network.UpdateServiceStarter logSyncServiceStarter -> o
    com.youchip.youmobile.controller.network.UpdateServiceStarter blackListServiceStarter -> p
    com.youchip.youmobile.controller.gate.AccessChecker checker -> q
    android.os.Handler restartReadingHandler -> r
    java.lang.Runnable restartReadingRunnable -> s
    android.content.BroadcastReceiver blackListReceiver -> t
    android.content.BroadcastReceiver updatedConfigReceiver -> u
    void updateServicesConfig() -> j
    void onValidChipReadResult(android.content.Context,com.youchip.youmobile.model.chip.interfaces.BasicChip) -> a
    void onGrantAccess(java.lang.String,com.youchip.youmobile.model.chip.mc1kImpl.MC1KChipSpecs$AppType) -> a
    void onDenieAccess() -> k
    java.util.Set getStatusBlocks() -> e
    void onCreate(android.os.Bundle) -> onCreate
    void onDestroy() -> onDestroy
    boolean onCreateOptionsMenu(android.view.Menu) -> onCreateOptionsMenu
    void onResume() -> onResume
    void onPause() -> onPause
    void restartService() -> l
    boolean access$0(com.youchip.youmobile.controller.MainActivity) -> a
com.youchip.youmobile.controller.MainActivity$1 -> com.youchip.youmobile.controller.b:
    com.youchip.youmobile.controller.MainActivity this$0 -> a
    void run() -> run
com.youchip.youmobile.controller.MainActivity$2 -> com.youchip.youmobile.controller.c:
    com.youchip.youmobile.controller.MainActivity this$0 -> a
    void onReceive(android.content.Context,android.content.Intent) -> onReceive
com.youchip.youmobile.controller.MainActivity$3 -> com.youchip.youmobile.controller.d:
    com.youchip.youmobile.controller.MainActivity this$0 -> a
    void onReceive(android.content.Context,android.content.Intent) -> onReceive
...
android.support.v4.view.KeyEventCompat$KeyEventVersionImpl -> android.support.v4.view.j:
    boolean metaStateHasModifiers(int,int) -> a
    boolean metaStateHasNoModifiers(int) -> b
    void startTracking(android.view.KeyEvent) -> a
android.support.v4.view.KeyEventCompatEclair -> android.support.v4.view.k:
    void startTracking(android.view.KeyEvent) -> a
android.support.v4.view.KeyEventCompatHoneycomb -> android.support.v4.view.l:
    int normalizeMetaState(int) -> a
    boolean metaStateHasModifiers(int,int) -> a
    boolean metaStateHasNoModifiers(int) -> b
android.support.v4.view.MotionEventCompat -> android.support.v4.view.m:
    android.support.v4.view.MotionEventCompat$MotionEventVersionImpl IMPL -> a
    int getActionMasked(android.view.MotionEvent) -> a
    int getActionIndex(android.view.MotionEvent) -> b
    int findPointerIndex(android.view.MotionEvent,int) -> a
    int getPointerId(android.view.MotionEvent,int) -> b
    float getX(android.view.MotionEvent,int) -> c
    float getY(android.view.MotionEvent,int) -> d
    int getPointerCount(android.view.MotionEvent) -> c
android.support.v4.view.MotionEventCompat$BaseMotionEventVersionImpl -> android.support.v4.view.n:
    int findPointerIndex(android.view.MotionEvent,int) -> a
    int getPointerId(android.view.MotionEvent,int) -> b
    float getX(android.view.MotionEvent,int) -> c
    float getY(android.view.MotionEvent,int) -> d
    int getPointerCount(android.view.MotionEvent) -> a
android.support.v4.view.MotionEventCompat$EclairMotionEventVersionImpl -> android.support.v4.view.o:
    int findPointerIndex(android.view.MotionEvent,int) -> a
    int getPointerId(android.view.MotionEvent,int) -> b
    float getX(android.view.MotionEvent,int) -> c
    float getY(android.view.MotionEvent,int) -> d
    int getPointerCount(android.view.MotionEvent) -> a
android.support.v4.view.MotionEventCompat$MotionEventVersionImpl -> android.support.v4.view.p:
    int findPointerIndex(android.view.MotionEvent,int) -> a
    int getPointerId(android.view.MotionEvent,int) -> b
    float getX(android.view.MotionEvent,int) -> c
    float getY(android.view.MotionEvent,int) -> d
    int getPointerCount(android.view.MotionEvent) -> a
android.support.v4.view.MotionEventCompatEclair -> android.support.v4.view.q:
    int findPointerIndex(android.view.MotionEvent,int) -> a
    int getPointerId(android.view.MotionEvent,int) -> b
    float getX(android.view.MotionEvent,int) -> c
    float getY(android.view.MotionEvent,int) -> d
    int getPointerCount(android.view.MotionEvent) -> a
android.support.v4.view.PagerAdapter -> android.support.v4.view.r:
    android.database.DataSetObservable mObservable -> a
    int getCount() -> a
    void startUpdate(android.view.ViewGroup) -> a
    java.lang.Object instantiateItem(android.view.ViewGroup,int) -> a
    void destroyItem(android.view.ViewGroup,int,java.lang.Object) -> a
    void setPrimaryItem(android.view.ViewGroup,int,java.lang.Object) -> b
    void finishUpdate(android.view.ViewGroup) -> b
    void startUpdate(android.view.View) -> a
    java.lang.Object instantiateItem(android.view.View,int) -> a
    void destroyItem(android.view.View,int,java.lang.Object) -> a
    void setPrimaryItem(android.view.View,int,java.lang.Object) -> b
    void finishUpdate(android.view.View) -> b
    boolean isViewFromObject(android.view.View,java.lang.Object) -> a
    android.os.Parcelable saveState() -> b
    void restoreState(android.os.Parcelable,java.lang.ClassLoader) -> a
    int getItemPosition(java.lang.Object) -> a
    void registerDataSetObserver(android.database.DataSetObserver) -> a
    void unregisterDataSetObserver(android.database.DataSetObserver) -> b
    float getPageWidth(int) -> a