proguard/usage.txt
com.youchip.youmobile.BuildConfig
com.youchip.youmobile.R:
    10:10:public R()
com.youchip.youmobile.R$attr
com.youchip.youmobile.R$color
com.youchip.youmobile.R$dimen
com.youchip.youmobile.R$drawable
com.youchip.youmobile.R$id
com.youchip.youmobile.R$layout
com.youchip.youmobile.R$menu
com.youchip.youmobile.R$string
com.youchip.youmobile.R$style
com.youchip.youmobile.R$styleable:
    442:442:public R$styleable()
com.youchip.youmobile.R$xml
com.youchip.youmobile.controller.AbstractAppControlActivity:
    private static final java.lang.String NOT_ENOUGH_MEMORY_MESSAGE
com.youchip.youmobile.controller.IntentExtrasKeys
com.youchip.youmobile.controller.MainActivity:
    private static final long CHIP_RESULT_DISPLAY_DELAY
com.youchip.youmobile.controller.chipIO.ChipReaderActivity:
    122:131:protected void restartChipServiceWrite(com.youchip.youmobile.model.chip.interfaces.Chip)
com.youchip.youmobile.controller.chipIO.ChipReaderService:
    public static final java.lang.String RESULT_NOTIFICATION
    public static final java.lang.String PROGRESS_NOTIFICATION
    public static final java.lang.String PROGRESS_STEP
    public static final java.lang.String PROGRESS_TOTAL
    public static final java.lang.String INTENT_EXTRA_SERVICE_RUN_MODE
    private static final long CHIP_IO_ENABLE_DELAY
    private static final long CHIP_IO_RETRY_DELAY
com.youchip.youmobile.controller.chipIO.MC1KChipIO:
    private static final int BLOCKS_PER_READ
    49:55:public void setDeviceAddress(int)
    62:66:public void setAccessMode(com.youchip.youmobile.model.chip.mc1kImpl.MC1KChipSpecs$AccessMode)
    83:83:public com.youchip.youmobile.model.chip.interfaces.Chip readDataFromChip(com.youchip.youmobile.model.chip.interfaces.Chip,java.util.Set)
    190:191:public java.lang.String writeDataToChip(com.youchip.youmobile.model.chip.interfaces.Chip,java.util.Set)
    261:261:public java.lang.String getKeyAAsString()
    286:286:public byte[] getKeyB()
    292:292:public void setKeyB(byte[])
    305:305:public boolean removeChipReadListener(com.youchip.youmobile.controller.chipIO.SimpleProgressListener)
    314:314:public boolean removeChipWriteListener(com.youchip.youmobile.controller.chipIO.SimpleProgressListener)
    318:320:public void addChipWriteListener(com.youchip.youmobile.controller.chipIO.SimpleProgressListener)
com.youchip.youmobile.controller.chipIO.RfidBroadCastReceiver
com.youchip.youmobile.controller.debug.DebugDetailsActivity:
    89:101:protected void returnToDebugMainActivity()
com.youchip.youmobile.controller.debug.DebugDetailsActivity$1
com.youchip.youmobile.controller.gate.GateAccessActivity:
    public static final long CHIP_RESULT_DISPLAY_DELAY
com.youchip.youmobile.controller.helpdesk.HelpDeskDetailsExtendedActivity:
    private static final int INTENT_FOR_EDIT_CHIP
    private static final int INTENT_FOR_UPDATE_CHIP
com.youchip.youmobile.controller.network.BlackListConfigUpdateService:
    public static final java.lang.String BLACKLIST_UPDATED_INTENT
    private static final java.lang.String blackListSuccessMsg
    104:104:public java.lang.String getServiceUrl()
    108:108:public long getEventID()
    120:120:public java.lang.String getDeviceID()
com.youchip.youmobile.controller.network.ChainConfigServiceCaller:
    public static final java.lang.String BASIC_CONFIG_UPDATED_INTENT
    273:273:public java.lang.String getDeviceID()
    277:277:public java.lang.String getChipUID()
    281:281:public long getEventID()
com.youchip.youmobile.controller.network.LogSyncService:
    143:143:public java.io.File getAppRootDir()
    147:148:public void setAppRootDir(java.io.File)
    151:151:public java.lang.String getServiceUrl()
    156:156:public long getEventID()
    170:170:public java.lang.String getDeviceID()
...
android.support.v4.view.ViewParentCompat$ViewParentCompatStubImpl
android.support.v4.view.ViewParentCompatICS
android.support.v4.view.WindowCompat
android.support.v4.view.accessibility.AccessibilityEventCompat
android.support.v4.view.accessibility.AccessibilityEventCompat$AccessibilityEventIcsImpl
android.support.v4.view.accessibility.AccessibilityEventCompat$AccessibilityEventStubImpl
android.support.v4.view.accessibility.AccessibilityEventCompat$AccessibilityEventVersionImpl
android.support.v4.view.accessibility.AccessibilityEventCompatIcs
android.support.v4.view.accessibility.AccessibilityManagerCompat
android.support.v4.view.accessibility.AccessibilityManagerCompat$AccessibilityManagerIcsImpl
android.support.v4.view.accessibility.AccessibilityManagerCompat$AccessibilityManagerIcsImpl$1
android.support.v4.view.accessibility.AccessibilityManagerCompat$AccessibilityManagerStubImpl
android.support.v4.view.accessibility.AccessibilityManagerCompat$AccessibilityManagerVersionImpl
android.support.v4.view.accessibility.AccessibilityManagerCompat$AccessibilityStateChangeListenerCompat
android.support.v4.view.accessibility.AccessibilityManagerCompatIcs
android.support.v4.view.accessibility.AccessibilityManagerCompatIcs$1
android.support.v4.view.accessibility.AccessibilityManagerCompatIcs$AccessibilityStateChangeListenerBridge
android.support.v4.view.accessibility.AccessibilityNodeInfoCompat
android.support.v4.view.accessibility.AccessibilityNodeInfoCompat$AccessibilityNodeInfoIcsImpl
android.support.v4.view.accessibility.AccessibilityNodeInfoCompat$AccessibilityNodeInfoImpl
android.support.v4.view.accessibility.AccessibilityNodeInfoCompat$AccessibilityNodeInfoJellybeanImpl
android.support.v4.view.accessibility.AccessibilityNodeInfoCompat$AccessibilityNodeInfoJellybeanMr2Impl
android.support.v4.view.accessibility.AccessibilityNodeInfoCompat$AccessibilityNodeInfoKitKatImpl
android.support.v4.view.accessibility.AccessibilityNodeInfoCompat$AccessibilityNodeInfoStubImpl
android.support.v4.view.accessibility.AccessibilityNodeInfoCompatIcs
android.support.v4.view.accessibility.AccessibilityNodeInfoCompatJellyBean
android.support.v4.view.accessibility.AccessibilityNodeInfoCompatJellybeanMr2
android.support.v4.view.accessibility.AccessibilityNodeInfoCompatKitKat
android.support.v4.view.accessibility.AccessibilityNodeProviderCompat
android.support.v4.view.accessibility.AccessibilityNodeProviderCompat$AccessibilityNodeProviderImpl
android.support.v4.view.accessibility.AccessibilityNodeProviderCompat$AccessibilityNodeProviderJellyBeanImpl
android.support.v4.view.accessibility.AccessibilityNodeProviderCompat$AccessibilityNodeProviderJellyBeanImpl$1
android.support.v4.view.accessibility.AccessibilityNodeProviderCompat$AccessibilityNodeProviderKitKatImpl
android.support.v4.view.accessibility.AccessibilityNodeProviderCompat$AccessibilityNodeProviderKitKatImpl$1
android.support.v4.view.accessibility.AccessibilityNodeProviderCompat$AccessibilityNodeProviderStubImpl
android.support.v4.view.accessibility.AccessibilityNodeProviderCompatJellyBean
android.support.v4.view.accessibility.AccessibilityNodeProviderCompatJellyBean$1
android.support.v4.view.accessibility.AccessibilityNodeProviderCompatJellyBean$AccessibilityNodeInfoBridge
android.support.v4.view.accessibility.AccessibilityNodeProviderCompatKitKat
android.support.v4.view.accessibility.AccessibilityNodeProviderCompatKitKat$1
android.support.v4.view.accessibility.AccessibilityNodeProviderCompatKitKat$AccessibilityNodeInfoBridge
android.support.v4.view.accessibility.AccessibilityRecordCompat
android.support.v4.view.accessibility.AccessibilityRecordCompat$AccessibilityRecordIcsImpl
android.support.v4.view.accessibility.AccessibilityRecordCompat$AccessibilityRecordIcsMr1Impl
android.support.v4.view.accessibility.AccessibilityRecordCompat$AccessibilityRecordImpl
android.support.v4.view.accessibility.AccessibilityRecordCompat$AccessibilityRecordJellyBeanImpl